<?xml version="1.0" encoding="UTF-8"?><testsuite errors="1" failures="0" name="Formulario Popup Validation" skipped="0" tests="1" time="117.29" timestamp="2020-04-24T14:25:59.736-05:00[America/Bogota]"><testcase name="Diligenciamiento formulario Inline Validation"><error message="The following error occurred: chrome not reachable&#10;  (Session info: chrome=81.0.4044.122)&#10;Build info: version: '3.5.2', revision: '10229a9', time: '2017-08-21T17:29:55.15Z'&#10;System info: host: 'CHBOGML-102799', ip: '192.168.0.24', os.name: 'Windows 10', os.arch: 'amd64', os.version: '10.0', java.version: '1.8.0_221'&#10;Driver info: org.openqa.selenium.remote.RemoteWebDriver&#10;Capabilities [{networkConnectionEnabled=false, chrome={chromedriverVersion=81.0.4044.69 (6813546031a4bc83f717a2ef7cd4ac6ec1199132-refs/branch-heads/4044@{#776}), userDataDir=C:\Users\storresm\AppData\Local\Temp\scoped_dir23440_761716597}, timeouts={implicit=0, pageLoad=300000, script=30000}, pageLoadStrategy=normal, unhandledPromptBehavior=dismiss and notify, strictFileInteractability=false, platform=ANY, proxy=Proxy(), goog:chromeOptions={debuggerAddress=localhost:60238}, acceptInsecureCerts=false, browserVersion=81.0.4044.122, browserName=chrome, javascriptEnabled=true, platformName=windows, setWindowRect=true, webauthn:virtualAuthenticators=true}]&#10;Session ID: 89065c89e105c8056e3f7e20f407da0e&#10;*** Element info: {Using=xpath, value=//SPAN[@id='date-error']}&#10;Build info: version: '3.5.2', revision: '10229a9', time: '2017-08-21T17:29:55.15Z'&#10;System info: host: 'CHBOGML-102799', ip: '192.168.0.24', os.name: 'Windows 10', os.arch: 'amd64', os.version: '10.0', java.version: '1.8.0_221'&#10;Driver info: driver.version: unknown" type="org.openqa.selenium.WebDriverException">The following error occurred: chrome not reachable
  (Session info: chrome=81.0.4044.122)
Build info: version: '3.5.2', revision: '10229a9', time: '2017-08-21T17:29:55.15Z'
System info: host: 'CHBOGML-102799', ip: '192.168.0.24', os.name: 'Windows 10', os.arch: 'amd64', os.version: '10.0', java.version: '1.8.0_221'
Driver info: org.openqa.selenium.remote.RemoteWebDriver
Capabilities [{networkConnectionEnabled=false, chrome={chromedriverVersion=81.0.4044.69 (6813546031a4bc83f717a2ef7cd4ac6ec1199132-refs/branch-heads/4044@{#776}), userDataDir=C:\Users\storresm\AppData\Local\Temp\scoped_dir23440_761716597}, timeouts={implicit=0, pageLoad=300000, script=30000}, pageLoadStrategy=normal, unhandledPromptBehavior=dismiss and notify, strictFileInteractability=false, platform=ANY, proxy=Proxy(), goog:chromeOptions={debuggerAddress=localhost:60238}, acceptInsecureCerts=false, browserVersion=81.0.4044.122, browserName=chrome, javascriptEnabled=true, platformName=windows, setWindowRect=true, webauthn:virtualAuthenticators=true}]
Session ID: 89065c89e105c8056e3f7e20f407da0e
*** Element info: {Using=xpath, value=//SPAN[@id='date-error']}
Build info: version: '3.5.2', revision: '10229a9', time: '2017-08-21T17:29:55.15Z'
System info: host: 'CHBOGML-102799', ip: '192.168.0.24', os.name: 'Windows 10', os.arch: 'amd64', os.version: '10.0', java.version: '1.8.0_221'
Driver info: driver.version: unknown</error><system-err>The following error occurred: chrome not reachable
  (Session info: chrome=81.0.4044.122)
Build info: version: '3.5.2', revision: '10229a9', time: '2017-08-21T17:29:55.15Z'
System info: host: 'CHBOGML-102799', ip: '192.168.0.24', os.name: 'Windows 10', os.arch: 'amd64', os.version: '10.0', java.version: '1.8.0_221'
Driver info: org.openqa.selenium.remote.RemoteWebDriver
Capabilities [{networkConnectionEnabled=false, chrome={chromedriverVersion=81.0.4044.69 (6813546031a4bc83f717a2ef7cd4ac6ec1199132-refs/branch-heads/4044@{#776}), userDataDir=C:\Users\storresm\AppData\Local\Temp\scoped_dir23440_761716597}, timeouts={implicit=0, pageLoad=300000, script=30000}, pageLoadStrategy=normal, unhandledPromptBehavior=dismiss and notify, strictFileInteractability=false, platform=ANY, proxy=Proxy(), goog:chromeOptions={debuggerAddress=localhost:60238}, acceptInsecureCerts=false, browserVersion=81.0.4044.122, browserName=chrome, javascriptEnabled=true, platformName=windows, setWindowRect=true, webauthn:virtualAuthenticators=true}]
Session ID: 89065c89e105c8056e3f7e20f407da0e
*** Element info: {Using=xpath, value=//SPAN[@id='date-error']}
Build info: version: '3.5.2', revision: '10229a9', time: '2017-08-21T17:29:55.15Z'
System info: host: 'CHBOGML-102799', ip: '192.168.0.24', os.name: 'Windows 10', os.arch: 'amd64', os.version: '10.0', java.version: '1.8.0_221'
Driver info: driver.version: unknown&#13;
com.choucair.formacion.pageobjects.ColorlibFormValidationPage.form_exitoso(ColorlibFormValidationPage.java:264)&#13;
com.choucair.formacion.steps.ColorlibFormValidationSteps.verificar_con_exito(ColorlibFormValidationSteps.java:59)&#13;
com.choucair.formacion.definition.PopupValidationDefinition.verificar_Form_Exitoso(PopupValidationDefinition.java:83)&#13;
org.eclipse.jdt.internal.junit4.runner.JUnit4TestReference.run(JUnit4TestReference.java:89)&#13;
org.eclipse.jdt.internal.junit.runner.TestExecution.run(TestExecution.java:41)&#13;
org.eclipse.jdt.internal.junit.runner.RemoteTestRunner.runTests(RemoteTestRunner.java:541)&#13;
org.eclipse.jdt.internal.junit.runner.RemoteTestRunner.runTests(RemoteTestRunner.java:763)&#13;
org.eclipse.jdt.internal.junit.runner.RemoteTestRunner.run(RemoteTestRunner.java:463)&#13;
org.eclipse.jdt.internal.junit.runner.RemoteTestRunner.main(RemoteTestRunner.java:209)&#13;
</system-err></testcase></testsuite>